<?xml version="1.0" encoding="UTF-8"?>
<!-- Generated by org.testng.reporters.JUnitReportReporter -->
<testsuite skipped="0" hostname="LAPTOP-7AR2TC63" name="TestPac.TestWebApp.grid" tests="2" failures="0" timestamp="29 May 2017 12:24:26 GMT" time="1.106" errors="0">
  <testcase name="testWebApp" time="0.626" classname="TestPac.TestWebApp.grid"/>
  <testcase name="testWebApp" time="0.480" classname="TestPac.TestWebApp.grid"/>
</testsuite> <!-- TestPac.TestWebApp.grid -->
